2023-07-26 22:11:25.783 | WARNING  | __main__:<module>:547 - 开启撸片之旅
2023-07-26 22:11:34.723 | WARNING  | __main__:startDownLoad:355 - 后台线程去执行下载
2023-07-26 22:11:34.724 | WARNING  | vediodownloadprocesser:init:55 - ------初始化系统配置：start-----------
2023-07-26 22:11:34.728 | WARNING  | __main__:setPercentV:393 - 当前进度1
2023-07-26 22:11:34.735 | WARNING  | vediodownloadprocesser:init:72 - ------初始化系统配置：end-----------
2023-07-26 22:11:34.736 | WARNING  | vediodownloadprocesser:downLoadStart:388 - 需要解析含有的视频信息
2023-07-26 22:11:34.736 | WARNING  | vediodownloadprocesser:parseSubUrls:262 - 需要预解析URL：https://51cg1.com/archives/61201/
2023-07-26 22:11:39.728 | WARNING  | __main__:setPercentV:393 - 当前进度1
2023-07-26 22:11:40.874 | WARNING  | vediodownloadprocesser:parseSubUrls:310 - 预解析结束
2023-07-26 22:11:40.875 | WARNING  | vediodownloadprocesser:downLoadStart:394 - the url:https://51cg1.com/archives/61201/，共含m3u8文件1, mp4的文件个数0
2023-07-26 22:11:44.133 | WARNING  | vediodownloadprocesser:tsDownload1By1:326 - m3u8文件的保存路径： E:\sourcecode\vediodownloader\dist\download\20230726_221134\site.m3u8
2023-07-26 22:11:44.135 | WARNING  | vediodownloadprocesser:tsDownload1By1:342 - Decode Method：
2023-07-26 22:11:44.728 | WARNING  | __main__:setPercentV:393 - 当前进度1
2023-07-26 22:11:46.762 | WARNING  | vediodownloadprocesser:tsDownload1By1:352 - ts文件的加密 key:b'\xfe\xc4\x83\xe7\xbe\x151B\x0cp\xd2\x9a\x10\x97\xac\xbb'
2023-07-26 22:11:46.763 | WARNING  | vediodownloadprocesser:tsDownload1By1:363 - ts文件的URL解析完成
2023-07-26 22:11:46.763 | WARNING  | vediodownloadprocesser:downloadTsFiles:187 - 一共待下载的ts文件数：117
2023-07-26 22:11:49.742 | WARNING  | __main__:setPercentV:393 - 当前进度1
2023-07-26 22:11:54.756 | WARNING  | __main__:setPercentV:393 - 当前进度3
2023-07-26 22:11:59.763 | WARNING  | __main__:setPercentV:393 - 当前进度11
2023-07-26 22:12:04.773 | WARNING  | __main__:setPercentV:393 - 当前进度12
2023-07-26 22:12:09.778 | WARNING  | __main__:setPercentV:393 - 当前进度12
2023-07-26 22:12:14.793 | WARNING  | __main__:setPercentV:393 - 当前进度12
2023-07-26 22:12:19.804 | WARNING  | __main__:setPercentV:393 - 当前进度17
2023-07-26 22:12:24.817 | WARNING  | __main__:setPercentV:393 - 当前进度20
2023-07-26 22:12:29.872 | WARNING  | __main__:setPercentV:393 - 当前进度20
2023-07-26 22:12:34.846 | WARNING  | __main__:setPercentV:393 - 当前进度20
2023-07-26 22:12:39.905 | WARNING  | __main__:setPercentV:393 - 当前进度20
2023-07-26 22:12:44.856 | WARNING  | __main__:setPercentV:393 - 当前进度21
2023-07-26 22:12:49.915 | WARNING  | __main__:setPercentV:393 - 当前进度21
2023-07-26 22:12:54.865 | WARNING  | __main__:setPercentV:393 - 当前进度21
2023-07-26 22:12:59.893 | WARNING  | __main__:setPercentV:393 - 当前进度24
2023-07-26 22:13:04.890 | WARNING  | __main__:setPercentV:393 - 当前进度29
2023-07-26 22:13:09.908 | WARNING  | __main__:setPercentV:393 - 当前进度32
2023-07-26 22:13:14.920 | WARNING  | __main__:setPercentV:393 - 当前进度36
2023-07-26 22:13:19.928 | WARNING  | __main__:setPercentV:393 - 当前进度40
2023-07-26 22:13:24.938 | WARNING  | __main__:setPercentV:393 - 当前进度44
2023-07-26 22:13:29.952 | WARNING  | __main__:setPercentV:393 - 当前进度48
2023-07-26 22:13:34.951 | WARNING  | __main__:setPercentV:393 - 当前进度48
2023-07-26 22:13:39.954 | WARNING  | __main__:setPercentV:393 - 当前进度48
2023-07-26 22:13:44.969 | WARNING  | __main__:setPercentV:393 - 当前进度48
2023-07-26 22:13:49.969 | WARNING  | __main__:setPercentV:393 - 当前进度48
2023-07-26 22:13:54.969 | WARNING  | __main__:setPercentV:393 - 当前进度48
2023-07-26 22:13:59.980 | WARNING  | __main__:setPercentV:393 - 当前进度48
2023-07-26 22:14:04.995 | WARNING  | __main__:setPercentV:393 - 当前进度48
2023-07-26 22:14:09.997 | WARNING  | __main__:setPercentV:393 - 当前进度48
2023-07-26 22:14:15.011 | WARNING  | __main__:setPercentV:393 - 当前进度48
2023-07-26 22:14:20.010 | WARNING  | __main__:setPercentV:393 - 当前进度48
2023-07-26 22:14:25.011 | WARNING  | __main__:setPercentV:393 - 当前进度48
2023-07-26 22:14:30.017 | WARNING  | __main__:setPercentV:393 - 当前进度48
2023-07-26 22:14:35.028 | WARNING  | __main__:setPercentV:393 - 当前进度48
2023-07-26 22:14:40.030 | WARNING  | __main__:setPercentV:393 - 当前进度48
2023-07-26 22:14:45.046 | WARNING  | __main__:setPercentV:393 - 当前进度48
2023-07-26 22:14:50.049 | WARNING  | __main__:setPercentV:393 - 当前进度48
2023-07-26 22:14:55.056 | WARNING  | __main__:setPercentV:393 - 当前进度48
2023-07-26 22:15:00.068 | WARNING  | __main__:setPercentV:393 - 当前进度48
2023-07-26 22:15:05.081 | WARNING  | __main__:setPercentV:393 - 当前进度48
2023-07-26 22:15:10.083 | WARNING  | __main__:setPercentV:393 - 当前进度48
2023-07-26 22:15:15.091 | WARNING  | __main__:setPercentV:393 - 当前进度52
2023-07-26 22:15:20.100 | WARNING  | __main__:setPercentV:393 - 当前进度54
2023-07-26 22:15:25.101 | WARNING  | __main__:setPercentV:393 - 当前进度56
2023-07-26 22:15:30.112 | WARNING  | __main__:setPercentV:393 - 当前进度56
2023-07-26 22:15:35.122 | WARNING  | __main__:setPercentV:393 - 当前进度56
2023-07-26 22:15:40.121 | WARNING  | __main__:setPercentV:393 - 当前进度62
2023-07-26 22:15:45.123 | WARNING  | __main__:setPercentV:393 - 当前进度70
2023-07-26 22:15:50.124 | WARNING  | __main__:setPercentV:393 - 当前进度75
2023-07-26 22:15:55.123 | WARNING  | __main__:setPercentV:393 - 当前进度80
2023-07-26 22:16:00.125 | WARNING  | __main__:setPercentV:393 - 当前进度87
2023-07-26 22:16:05.126 | WARNING  | __main__:setPercentV:393 - 当前进度91
2023-07-26 22:16:10.127 | WARNING  | __main__:setPercentV:393 - 当前进度98
2023-07-26 22:16:11.876 | WARNING  | vediodownloadprocesser:downloadTsFiles:257 - 下载任务结束，总计下载耗时:4.4 分钟
2023-07-26 22:16:11.877 | WARNING  | vediodownloadprocesser:mergeTs2MP4:445 - 开始转为mp4，待转换TS文件数量：117
2023-07-26 22:16:12.333 | WARNING  | vediodownloadprocesser:mergeTs2MP4:472 - 转换结束
2023-07-26 22:16:15.127 | WARNING  | __main__:setPercentV:393 - 当前进度100
2023-07-26 22:16:20.129 | WARNING  | __main__:setPercentV:393 - 当前进度100
2023-07-26 22:20:35.498 | WARNING  | __main__:startDownLoad:355 - 后台线程去执行下载
2023-07-26 22:20:35.499 | WARNING  | vediodownloadprocesser:init:55 - ------初始化系统配置：start-----------
2023-07-26 22:20:35.502 | WARNING  | __main__:setPercentV:393 - 当前进度1
2023-07-26 22:20:35.502 | WARNING  | vediodownloadprocesser:init:72 - ------初始化系统配置：end-----------
2023-07-26 22:20:35.503 | WARNING  | vediodownloadprocesser:downLoadStart:388 - 需要解析含有的视频信息
2023-07-26 22:20:35.503 | WARNING  | vediodownloadprocesser:parseSubUrls:262 - 需要预解析URL：https://51cg1.com/archives/60856/
2023-07-26 22:20:40.500 | WARNING  | __main__:setPercentV:393 - 当前进度1
2023-07-26 22:20:45.500 | WARNING  | __main__:setPercentV:393 - 当前进度1
2023-07-26 22:20:45.891 | WARNING  | vediodownloadprocesser:parseSubUrls:310 - 预解析结束
2023-07-26 22:20:45.892 | WARNING  | vediodownloadprocesser:downLoadStart:394 - the url:https://51cg1.com/archives/60856/，共含m3u8文件1, mp4的文件个数0
2023-07-26 22:20:50.502 | WARNING  | __main__:setPercentV:393 - 当前进度1
2023-07-26 22:20:52.403 | WARNING  | vediodownloadprocesser:tsDownload1By1:326 - m3u8文件的保存路径： E:\sourcecode\vediodownloader\dist\download\download\20230726_222035\site.m3u8
2023-07-26 22:20:52.406 | WARNING  | vediodownloadprocesser:tsDownload1By1:342 - Decode Method：
2023-07-26 22:20:52.855 | WARNING  | vediodownloadprocesser:tsDownload1By1:352 - ts文件的加密 key:b'\x9a\x92\xbe\x0f\xc4\x0cZ{a\x8c\xaelJ\x99\xde\xf1'
2023-07-26 22:20:52.855 | WARNING  | vediodownloadprocesser:tsDownload1By1:363 - ts文件的URL解析完成
2023-07-26 22:20:52.855 | WARNING  | vediodownloadprocesser:downloadTsFiles:187 - 一共待下载的ts文件数：70
2023-07-26 22:20:55.502 | WARNING  | __main__:setPercentV:393 - 当前进度1
2023-07-26 22:21:00.506 | WARNING  | __main__:setPercentV:393 - 当前进度1
2023-07-26 22:21:05.519 | WARNING  | __main__:setPercentV:393 - 当前进度15
2023-07-26 22:21:10.530 | WARNING  | __main__:setPercentV:393 - 当前进度34
2023-07-26 22:21:15.538 | WARNING  | __main__:setPercentV:393 - 当前进度45
2023-07-26 22:21:20.550 | WARNING  | __main__:setPercentV:393 - 当前进度65
2023-07-26 22:21:25.561 | WARNING  | __main__:setPercentV:393 - 当前进度74
2023-07-26 22:21:30.575 | WARNING  | __main__:setPercentV:393 - 当前进度81
2023-07-26 22:21:35.579 | WARNING  | __main__:setPercentV:393 - 当前进度88
2023-07-26 22:21:40.581 | WARNING  | __main__:setPercentV:393 - 当前进度92
2023-07-26 22:21:45.593 | WARNING  | __main__:setPercentV:393 - 当前进度98
2023-07-26 22:21:47.477 | WARNING  | vediodownloadprocesser:downloadTsFiles:257 - 下载任务结束，总计下载耗时:0.9 分钟
2023-07-26 22:21:47.478 | WARNING  | vediodownloadprocesser:mergeTs2MP4:445 - 开始转为mp4，待转换TS文件数量：70
2023-07-26 22:21:47.906 | WARNING  | vediodownloadprocesser:mergeTs2MP4:472 - 转换结束
2023-07-26 22:21:50.597 | WARNING  | __main__:setPercentV:393 - 当前进度100
2023-07-26 22:21:55.601 | WARNING  | __main__:setPercentV:393 - 当前进度100
2023-07-26 22:27:47.259 | WARNING  | __main__:startDownLoad:355 - 后台线程去执行下载
2023-07-26 22:27:47.259 | WARNING  | vediodownloadprocesser:init:55 - ------初始化系统配置：start-----------
2023-07-26 22:27:47.260 | WARNING  | __main__:setPercentV:393 - 当前进度1
2023-07-26 22:27:47.260 | WARNING  | vediodownloadprocesser:init:72 - ------初始化系统配置：end-----------
2023-07-26 22:27:47.261 | WARNING  | vediodownloadprocesser:downLoadStart:388 - 需要解析含有的视频信息
2023-07-26 22:27:47.262 | WARNING  | vediodownloadprocesser:parseSubUrls:262 - 需要预解析URL：https://51cg1.com/archives/61095/
2023-07-26 22:27:48.634 | WARNING  | vediodownloadprocesser:parseSubUrls:310 - 预解析结束
2023-07-26 22:27:48.634 | WARNING  | vediodownloadprocesser:downLoadStart:394 - the url:https://51cg1.com/archives/61095/，共含m3u8文件1, mp4的文件个数0
2023-07-26 22:27:49.673 | WARNING  | vediodownloadprocesser:tsDownload1By1:326 - m3u8文件的保存路径： E:\sourcecode\vediodownloader\dist\download\download\download\20230726_222747\site.m3u8
2023-07-26 22:27:49.674 | WARNING  | vediodownloadprocesser:tsDownload1By1:342 - Decode Method：
2023-07-26 22:27:49.752 | WARNING  | vediodownloadprocesser:tsDownload1By1:352 - ts文件的加密 key:b')P\xaa\xf1\xaf\x13g\x80\x7f\xb1\xa2\x1a\xa5\xf6\xda\xe0'
2023-07-26 22:27:49.753 | WARNING  | vediodownloadprocesser:tsDownload1By1:363 - ts文件的URL解析完成
2023-07-26 22:27:49.754 | WARNING  | vediodownloadprocesser:downloadTsFiles:187 - 一共待下载的ts文件数：135
2023-07-26 22:27:52.260 | WARNING  | __main__:setPercentV:393 - 当前进度1
2023-07-26 22:27:57.260 | WARNING  | __main__:setPercentV:393 - 当前进度1
2023-07-26 22:28:02.262 | WARNING  | __main__:setPercentV:393 - 当前进度5
2023-07-26 22:28:07.262 | WARNING  | __main__:setPercentV:393 - 当前进度9
2023-07-26 22:28:12.264 | WARNING  | __main__:setPercentV:393 - 当前进度11
2023-07-26 22:28:17.263 | WARNING  | __main__:setPercentV:393 - 当前进度16
2023-07-26 22:28:22.265 | WARNING  | __main__:setPercentV:393 - 当前进度17
2023-07-26 22:28:27.266 | WARNING  | __main__:setPercentV:393 - 当前进度20
2023-07-26 22:28:32.271 | WARNING  | __main__:setPercentV:393 - 当前进度22
2023-07-26 22:28:37.281 | WARNING  | __main__:setPercentV:393 - 当前进度27
2023-07-26 22:28:42.288 | WARNING  | __main__:setPercentV:393 - 当前进度28
2023-07-26 22:28:47.289 | WARNING  | __main__:setPercentV:393 - 当前进度29
2023-07-26 22:28:52.300 | WARNING  | __main__:setPercentV:393 - 当前进度34
2023-07-26 22:28:57.303 | WARNING  | __main__:setPercentV:393 - 当前进度37
2023-07-26 22:29:02.315 | WARNING  | __main__:setPercentV:393 - 当前进度42
2023-07-26 22:29:07.322 | WARNING  | __main__:setPercentV:393 - 当前进度47
2023-07-26 22:29:12.331 | WARNING  | __main__:setPercentV:393 - 当前进度51
2023-07-26 22:29:17.342 | WARNING  | __main__:setPercentV:393 - 当前进度57
2023-07-26 22:29:22.355 | WARNING  | __main__:setPercentV:393 - 当前进度62
2023-07-26 22:29:27.366 | WARNING  | __main__:setPercentV:393 - 当前进度66
2023-07-26 22:29:32.380 | WARNING  | __main__:setPercentV:393 - 当前进度71
2023-07-26 22:29:37.389 | WARNING  | __main__:setPercentV:393 - 当前进度74
2023-07-26 22:29:42.392 | WARNING  | __main__:setPercentV:393 - 当前进度79
2023-07-26 22:29:47.401 | WARNING  | __main__:setPercentV:393 - 当前进度82
2023-07-26 22:29:52.403 | WARNING  | __main__:setPercentV:393 - 当前进度85
2023-07-26 22:29:57.407 | WARNING  | __main__:setPercentV:393 - 当前进度89
2023-07-26 22:30:02.414 | WARNING  | __main__:setPercentV:393 - 当前进度93
2023-07-26 22:30:07.416 | WARNING  | __main__:setPercentV:393 - 当前进度95
2023-07-26 22:30:12.419 | WARNING  | __main__:setPercentV:393 - 当前进度98
2023-07-26 22:30:14.468 | WARNING  | vediodownloadprocesser:downloadTsFiles:257 - 下载任务结束，总计下载耗时:2.4 分钟
2023-07-26 22:30:14.471 | WARNING  | vediodownloadprocesser:mergeTs2MP4:445 - 开始转为mp4，待转换TS文件数量：135
2023-07-26 22:30:15.349 | WARNING  | vediodownloadprocesser:mergeTs2MP4:472 - 转换结束
2023-07-26 22:30:17.430 | WARNING  | __main__:setPercentV:393 - 当前进度100
2023-07-26 22:30:22.441 | WARNING  | __main__:setPercentV:393 - 当前进度100
2023-07-26 22:30:43.638 | WARNING  | __main__:startDownLoad:355 - 后台线程去执行下载
2023-07-26 22:30:43.639 | WARNING  | vediodownloadprocesser:init:55 - ------初始化系统配置：start-----------
2023-07-26 22:30:43.640 | WARNING  | __main__:setPercentV:393 - 当前进度1
2023-07-26 22:30:43.641 | WARNING  | vediodownloadprocesser:init:72 - ------初始化系统配置：end-----------
2023-07-26 22:30:43.641 | WARNING  | vediodownloadprocesser:downLoadStart:388 - 需要解析含有的视频信息
2023-07-26 22:30:43.642 | WARNING  | vediodownloadprocesser:parseSubUrls:262 - 需要预解析URL：https://51cg1.com/archives/60910/
2023-07-26 22:30:45.431 | WARNING  | vediodownloadprocesser:parseSubUrls:310 - 预解析结束
2023-07-26 22:30:45.431 | WARNING  | vediodownloadprocesser:downLoadStart:394 - the url:https://51cg1.com/archives/60910/，共含m3u8文件1, mp4的文件个数0
2023-07-26 22:30:45.996 | WARNING  | vediodownloadprocesser:tsDownload1By1:326 - m3u8文件的保存路径： E:\sourcecode\vediodownloader\dist\download\download\download\download\20230726_223043\site.m3u8
2023-07-26 22:30:45.997 | WARNING  | vediodownloadprocesser:tsDownload1By1:342 - Decode Method：
2023-07-26 22:30:46.133 | WARNING  | vediodownloadprocesser:tsDownload1By1:352 - ts文件的加密 key:b'\xc2\xd4\xc7\x9f\xae\x1b\x19V\xc7lFe8\x0e1\xdb'
2023-07-26 22:30:46.134 | WARNING  | vediodownloadprocesser:tsDownload1By1:363 - ts文件的URL解析完成
2023-07-26 22:30:46.134 | WARNING  | vediodownloadprocesser:downloadTsFiles:187 - 一共待下载的ts文件数：689
2023-07-26 22:30:48.642 | WARNING  | __main__:setPercentV:393 - 当前进度1
2023-07-26 22:30:53.642 | WARNING  | __main__:setPercentV:393 - 当前进度1
2023-07-26 22:30:58.643 | WARNING  | __main__:setPercentV:393 - 当前进度1
2023-07-26 22:31:03.644 | WARNING  | __main__:setPercentV:393 - 当前进度2
2023-07-26 22:31:08.645 | WARNING  | __main__:setPercentV:393 - 当前进度3
2023-07-26 22:31:13.645 | WARNING  | __main__:setPercentV:393 - 当前进度4
2023-07-26 22:31:18.659 | WARNING  | __main__:setPercentV:393 - 当前进度5
2023-07-26 22:31:23.665 | WARNING  | __main__:setPercentV:393 - 当前进度5
2023-07-26 22:31:28.665 | WARNING  | __main__:setPercentV:393 - 当前进度6
2023-07-26 22:31:33.666 | WARNING  | __main__:setPercentV:393 - 当前进度7
2023-07-26 22:31:38.666 | WARNING  | __main__:setPercentV:393 - 当前进度8
2023-07-26 22:31:43.668 | WARNING  | __main__:setPercentV:393 - 当前进度9
2023-07-26 22:31:48.669 | WARNING  | __main__:setPercentV:393 - 当前进度10
2023-07-26 22:31:53.667 | WARNING  | __main__:setPercentV:393 - 当前进度10
2023-07-26 22:31:58.682 | WARNING  | __main__:setPercentV:393 - 当前进度10
2023-07-26 22:32:03.692 | WARNING  | __main__:setPercentV:393 - 当前进度11
2023-07-26 22:32:08.694 | WARNING  | __main__:setPercentV:393 - 当前进度12
2023-07-26 22:32:13.704 | WARNING  | __main__:setPercentV:393 - 当前进度13
2023-07-26 22:32:18.708 | WARNING  | __main__:setPercentV:393 - 当前进度14
2023-07-26 22:32:23.716 | WARNING  | __main__:setPercentV:393 - 当前进度15
2023-07-26 22:32:28.717 | WARNING  | __main__:setPercentV:393 - 当前进度16
2023-07-26 22:32:33.727 | WARNING  | __main__:setPercentV:393 - 当前进度16
2023-07-26 22:32:38.743 | WARNING  | __main__:setPercentV:393 - 当前进度17
2023-07-26 22:32:43.745 | WARNING  | __main__:setPercentV:393 - 当前进度18
2023-07-26 22:32:48.754 | WARNING  | __main__:setPercentV:393 - 当前进度18
2023-07-26 22:32:53.765 | WARNING  | __main__:setPercentV:393 - 当前进度19
2023-07-26 22:32:58.778 | WARNING  | __main__:setPercentV:393 - 当前进度19
2023-07-26 22:33:03.788 | WARNING  | __main__:setPercentV:393 - 当前进度20
2023-07-26 22:33:08.794 | WARNING  | __main__:setPercentV:393 - 当前进度21
2023-07-26 22:33:13.801 | WARNING  | __main__:setPercentV:393 - 当前进度22
2023-07-26 22:33:18.810 | WARNING  | __main__:setPercentV:393 - 当前进度23
2023-07-26 22:33:23.813 | WARNING  | __main__:setPercentV:393 - 当前进度23
2023-07-26 22:33:28.816 | WARNING  | __main__:setPercentV:393 - 当前进度24
2023-07-26 22:33:33.819 | WARNING  | __main__:setPercentV:393 - 当前进度25
2023-07-26 22:33:38.834 | WARNING  | __main__:setPercentV:393 - 当前进度25
2023-07-26 22:33:43.834 | WARNING  | __main__:setPercentV:393 - 当前进度26
2023-07-26 22:33:48.834 | WARNING  | __main__:setPercentV:393 - 当前进度26
2023-07-26 22:33:53.848 | WARNING  | __main__:setPercentV:393 - 当前进度26
2023-07-26 22:33:58.860 | WARNING  | __main__:setPercentV:393 - 当前进度27
2023-07-26 22:34:03.862 | WARNING  | __main__:setPercentV:393 - 当前进度27
2023-07-26 22:34:08.869 | WARNING  | __main__:setPercentV:393 - 当前进度28
2023-07-26 22:34:13.871 | WARNING  | __main__:setPercentV:393 - 当前进度28
2023-07-26 22:34:18.876 | WARNING  | __main__:setPercentV:393 - 当前进度28
2023-07-26 22:34:23.890 | WARNING  | __main__:setPercentV:393 - 当前进度29
2023-07-26 22:34:28.894 | WARNING  | __main__:setPercentV:393 - 当前进度30
2023-07-26 22:34:33.908 | WARNING  | __main__:setPercentV:393 - 当前进度31
2023-07-26 22:34:38.915 | WARNING  | __main__:setPercentV:393 - 当前进度32
2023-07-26 22:34:43.923 | WARNING  | __main__:setPercentV:393 - 当前进度32
2023-07-26 22:34:48.935 | WARNING  | __main__:setPercentV:393 - 当前进度33
2023-07-26 22:34:53.944 | WARNING  | __main__:setPercentV:393 - 当前进度34
2023-07-26 22:34:58.952 | WARNING  | __main__:setPercentV:393 - 当前进度35
2023-07-26 22:35:03.963 | WARNING  | __main__:setPercentV:393 - 当前进度36
2023-07-26 22:35:08.973 | WARNING  | __main__:setPercentV:393 - 当前进度37
2023-07-26 22:35:13.976 | WARNING  | __main__:setPercentV:393 - 当前进度37
2023-07-26 22:35:18.987 | WARNING  | __main__:setPercentV:393 - 当前进度38
2023-07-26 22:35:23.994 | WARNING  | __main__:setPercentV:393 - 当前进度39
2023-07-26 22:35:29.001 | WARNING  | __main__:setPercentV:393 - 当前进度40
2023-07-26 22:35:34.016 | WARNING  | __main__:setPercentV:393 - 当前进度41
2023-07-26 22:35:39.017 | WARNING  | __main__:setPercentV:393 - 当前进度42
2023-07-26 22:35:44.018 | WARNING  | __main__:setPercentV:393 - 当前进度42
2023-07-26 22:35:49.033 | WARNING  | __main__:setPercentV:393 - 当前进度44
2023-07-26 22:35:54.039 | WARNING  | __main__:setPercentV:393 - 当前进度44
2023-07-26 22:35:59.045 | WARNING  | __main__:setPercentV:393 - 当前进度45
2023-07-26 22:36:04.059 | WARNING  | __main__:setPercentV:393 - 当前进度46
2023-07-26 22:36:09.066 | WARNING  | __main__:setPercentV:393 - 当前进度47
2023-07-26 22:36:14.077 | WARNING  | __main__:setPercentV:393 - 当前进度47
2023-07-26 22:36:19.092 | WARNING  | __main__:setPercentV:393 - 当前进度48
2023-07-26 22:36:24.101 | WARNING  | __main__:setPercentV:393 - 当前进度48
2023-07-26 22:36:29.103 | WARNING  | __main__:setPercentV:393 - 当前进度49
2023-07-26 22:36:34.117 | WARNING  | __main__:setPercentV:393 - 当前进度50
2023-07-26 22:36:39.128 | WARNING  | __main__:setPercentV:393 - 当前进度51
2023-07-26 22:36:44.143 | WARNING  | __main__:setPercentV:393 - 当前进度52
2023-07-26 22:36:49.157 | WARNING  | __main__:setPercentV:393 - 当前进度53
2023-07-26 22:36:54.158 | WARNING  | __main__:setPercentV:393 - 当前进度54
2023-07-26 22:36:59.161 | WARNING  | __main__:setPercentV:393 - 当前进度54
2023-07-26 22:37:04.162 | WARNING  | __main__:setPercentV:393 - 当前进度55
2023-07-26 22:37:09.176 | WARNING  | __main__:setPercentV:393 - 当前进度56
2023-07-26 22:37:14.183 | WARNING  | __main__:setPercentV:393 - 当前进度57
2023-07-26 22:37:19.186 | WARNING  | __main__:setPercentV:393 - 当前进度58
2023-07-26 22:37:24.195 | WARNING  | __main__:setPercentV:393 - 当前进度59
2023-07-26 22:37:29.208 | WARNING  | __main__:setPercentV:393 - 当前进度60
2023-07-26 22:37:34.215 | WARNING  | __main__:setPercentV:393 - 当前进度61
2023-07-26 22:37:39.225 | WARNING  | __main__:setPercentV:393 - 当前进度62
2023-07-26 22:37:44.226 | WARNING  | __main__:setPercentV:393 - 当前进度63
2023-07-26 22:37:49.228 | WARNING  | __main__:setPercentV:393 - 当前进度64
2023-07-26 22:37:54.229 | WARNING  | __main__:setPercentV:393 - 当前进度65
2023-07-26 22:37:59.237 | WARNING  | __main__:setPercentV:393 - 当前进度66
2023-07-26 22:38:04.238 | WARNING  | __main__:setPercentV:393 - 当前进度67
2023-07-26 22:38:09.239 | WARNING  | __main__:setPercentV:393 - 当前进度67
2023-07-26 22:38:14.247 | WARNING  | __main__:setPercentV:393 - 当前进度68
2023-07-26 22:38:19.255 | WARNING  | __main__:setPercentV:393 - 当前进度69
2023-07-26 22:38:24.268 | WARNING  | __main__:setPercentV:393 - 当前进度70
2023-07-26 22:38:29.278 | WARNING  | __main__:setPercentV:393 - 当前进度71
2023-07-26 22:38:34.285 | WARNING  | __main__:setPercentV:393 - 当前进度72
2023-07-26 22:38:39.293 | WARNING  | __main__:setPercentV:393 - 当前进度73
2023-07-26 22:38:44.296 | WARNING  | __main__:setPercentV:393 - 当前进度73
2023-07-26 22:38:49.311 | WARNING  | __main__:setPercentV:393 - 当前进度75
2023-07-26 22:38:54.316 | WARNING  | __main__:setPercentV:393 - 当前进度76
2023-07-26 22:38:59.327 | WARNING  | __main__:setPercentV:393 - 当前进度76
2023-07-26 22:39:04.332 | WARNING  | __main__:setPercentV:393 - 当前进度78
2023-07-26 22:39:09.346 | WARNING  | __main__:setPercentV:393 - 当前进度79
2023-07-26 22:39:14.358 | WARNING  | __main__:setPercentV:393 - 当前进度79
2023-07-26 22:39:19.366 | WARNING  | __main__:setPercentV:393 - 当前进度80
2023-07-26 22:39:24.379 | WARNING  | __main__:setPercentV:393 - 当前进度80
2023-07-26 22:39:29.385 | WARNING  | __main__:setPercentV:393 - 当前进度80
2023-07-26 22:39:34.388 | WARNING  | __main__:setPercentV:393 - 当前进度81
2023-07-26 22:39:39.392 | WARNING  | __main__:setPercentV:393 - 当前进度81
2023-07-26 22:39:44.406 | WARNING  | __main__:setPercentV:393 - 当前进度83
2023-07-26 22:39:49.418 | WARNING  | __main__:setPercentV:393 - 当前进度83
2023-07-26 22:39:54.424 | WARNING  | __main__:setPercentV:393 - 当前进度84
2023-07-26 22:39:59.425 | WARNING  | __main__:setPercentV:393 - 当前进度85
2023-07-26 22:40:04.430 | WARNING  | __main__:setPercentV:393 - 当前进度85
2023-07-26 22:40:09.442 | WARNING  | __main__:setPercentV:393 - 当前进度85
2023-07-26 22:40:14.445 | WARNING  | __main__:setPercentV:393 - 当前进度86
2023-07-26 22:40:19.458 | WARNING  | __main__:setPercentV:393 - 当前进度86
2023-07-26 22:40:24.459 | WARNING  | __main__:setPercentV:393 - 当前进度87
2023-07-26 22:40:29.471 | WARNING  | __main__:setPercentV:393 - 当前进度88
2023-07-26 22:40:34.483 | WARNING  | __main__:setPercentV:393 - 当前进度88
2023-07-26 22:40:39.485 | WARNING  | __main__:setPercentV:393 - 当前进度89
2023-07-26 22:40:44.493 | WARNING  | __main__:setPercentV:393 - 当前进度89
2023-07-26 22:40:49.496 | WARNING  | __main__:setPercentV:393 - 当前进度89
2023-07-26 22:40:54.509 | WARNING  | __main__:setPercentV:393 - 当前进度90
2023-07-26 22:40:59.514 | WARNING  | __main__:setPercentV:393 - 当前进度91
2023-07-26 22:41:04.530 | WARNING  | __main__:setPercentV:393 - 当前进度92
2023-07-26 22:41:09.536 | WARNING  | __main__:setPercentV:393 - 当前进度93
2023-07-26 22:41:14.547 | WARNING  | __main__:setPercentV:393 - 当前进度94
2023-07-26 22:41:19.545 | WARNING  | __main__:setPercentV:393 - 当前进度94
2023-07-26 22:41:24.559 | WARNING  | __main__:setPercentV:393 - 当前进度94
2023-07-26 22:41:29.567 | WARNING  | __main__:setPercentV:393 - 当前进度94
2023-07-26 22:41:34.576 | WARNING  | __main__:setPercentV:393 - 当前进度94
2023-07-26 22:41:39.590 | WARNING  | __main__:setPercentV:393 - 当前进度94
2023-07-26 22:41:44.599 | WARNING  | __main__:setPercentV:393 - 当前进度94
2023-07-26 22:41:49.606 | WARNING  | __main__:setPercentV:393 - 当前进度94
2023-07-26 22:41:54.607 | WARNING  | __main__:setPercentV:393 - 当前进度94
2023-07-26 22:41:59.613 | WARNING  | __main__:setPercentV:393 - 当前进度94
2023-07-26 22:42:04.629 | WARNING  | __main__:setPercentV:393 - 当前进度94
2023-07-26 22:42:09.644 | WARNING  | __main__:setPercentV:393 - 当前进度94
2023-07-26 22:42:14.652 | WARNING  | __main__:setPercentV:393 - 当前进度94
2023-07-26 22:42:19.656 | WARNING  | __main__:setPercentV:393 - 当前进度94
2023-07-26 22:42:24.669 | WARNING  | __main__:setPercentV:393 - 当前进度94
2023-07-26 22:42:29.670 | WARNING  | __main__:setPercentV:393 - 当前进度94
2023-07-26 22:42:34.684 | WARNING  | __main__:setPercentV:393 - 当前进度94
2023-07-26 22:42:39.701 | WARNING  | __main__:setPercentV:393 - 当前进度94
2023-07-26 22:42:44.704 | WARNING  | __main__:setPercentV:393 - 当前进度94
2023-07-26 22:42:49.703 | WARNING  | __main__:setPercentV:393 - 当前进度94
2023-07-26 22:42:54.705 | WARNING  | __main__:setPercentV:393 - 当前进度94
2023-07-26 22:42:59.706 | WARNING  | __main__:setPercentV:393 - 当前进度94
2023-07-26 22:43:04.712 | WARNING  | __main__:setPercentV:393 - 当前进度95
2023-07-26 22:43:09.723 | WARNING  | __main__:setPercentV:393 - 当前进度96
2023-07-26 22:43:13.215 | WARNING  | vediodownloadprocesser:downloadTsFiles:257 - 下载任务结束，总计下载耗时:12.5 分钟
2023-07-26 22:43:13.217 | WARNING  | vediodownloadprocesser:mergeTs2MP4:445 - 开始转为mp4，待转换TS文件数量：670
2023-07-26 22:43:14.736 | WARNING  | __main__:setPercentV:393 - 当前进度97
2023-07-26 22:43:15.532 | WARNING  | vediodownloadprocesser:mergeTs2MP4:472 - 转换结束
2023-07-26 22:43:19.749 | WARNING  | __main__:setPercentV:393 - 当前进度97
2023-07-26 22:43:24.762 | WARNING  | __main__:setPercentV:393 - 当前进度97
2023-07-26 22:43:29.775 | WARNING  | __main__:setPercentV:393 - 当前进度97
2023-07-26 22:43:34.776 | WARNING  | __main__:setPercentV:393 - 当前进度97
2023-07-26 22:43:39.776 | WARNING  | __main__:setPercentV:393 - 当前进度97
2023-07-26 22:43:44.778 | WARNING  | __main__:setPercentV:393 - 当前进度97
2023-07-26 22:43:49.778 | WARNING  | __main__:setPercentV:393 - 当前进度97
2023-07-26 22:43:54.778 | WARNING  | __main__:setPercentV:393 - 当前进度97
2023-07-26 22:43:59.779 | WARNING  | __main__:setPercentV:393 - 当前进度97
2023-07-26 22:44:04.780 | WARNING  | __main__:setPercentV:393 - 当前进度97
2023-07-26 22:44:09.781 | WARNING  | __main__:setPercentV:393 - 当前进度97
2023-07-26 22:44:14.781 | WARNING  | __main__:setPercentV:393 - 当前进度97
2023-07-26 22:44:19.784 | WARNING  | __main__:setPercentV:393 - 当前进度97
2023-07-26 22:44:24.783 | WARNING  | __main__:setPercentV:393 - 当前进度97
2023-07-26 22:44:29.784 | WARNING  | __main__:setPercentV:393 - 当前进度97
2023-07-26 22:44:34.783 | WARNING  | __main__:setPercentV:393 - 当前进度97
2023-07-26 22:44:39.784 | WARNING  | __main__:setPercentV:393 - 当前进度97
2023-07-26 22:44:44.785 | WARNING  | __main__:setPercentV:393 - 当前进度97
2023-07-26 22:44:49.786 | WARNING  | __main__:setPercentV:393 - 当前进度97
2023-07-26 22:44:54.786 | WARNING  | __main__:setPercentV:393 - 当前进度97
2023-07-26 22:44:59.787 | WARNING  | __main__:setPercentV:393 - 当前进度97
2023-07-26 22:45:04.790 | WARNING  | __main__:setPercentV:393 - 当前进度97
2023-07-26 22:45:09.788 | WARNING  | __main__:setPercentV:393 - 当前进度97
2023-07-26 22:45:14.789 | WARNING  | __main__:setPercentV:393 - 当前进度97
2023-07-26 22:45:19.790 | WARNING  | __main__:setPercentV:393 - 当前进度97
2023-07-26 22:45:24.791 | WARNING  | __main__:setPercentV:393 - 当前进度97
2023-07-26 22:45:29.792 | WARNING  | __main__:setPercentV:393 - 当前进度97
2023-07-26 22:45:34.793 | WARNING  | __main__:setPercentV:393 - 当前进度97
2023-07-26 22:45:39.793 | WARNING  | __main__:setPercentV:393 - 当前进度97
2023-07-26 22:45:44.794 | WARNING  | __main__:setPercentV:393 - 当前进度97
2023-07-26 22:45:49.797 | WARNING  | __main__:setPercentV:393 - 当前进度97
2023-07-26 22:45:54.795 | WARNING  | __main__:setPercentV:393 - 当前进度97
2023-07-26 22:45:59.797 | WARNING  | __main__:setPercentV:393 - 当前进度97
2023-07-26 22:46:04.797 | WARNING  | __main__:setPercentV:393 - 当前进度97
2023-07-26 22:46:09.799 | WARNING  | __main__:setPercentV:393 - 当前进度97
2023-07-26 22:46:14.799 | WARNING  | __main__:setPercentV:393 - 当前进度97
2023-07-26 22:46:19.800 | WARNING  | __main__:setPercentV:393 - 当前进度97
2023-07-26 22:46:24.800 | WARNING  | __main__:setPercentV:393 - 当前进度97
2023-07-26 22:46:29.801 | WARNING  | __main__:setPercentV:393 - 当前进度97
2023-07-26 22:46:34.802 | WARNING  | __main__:setPercentV:393 - 当前进度97
2023-07-26 22:46:39.803 | WARNING  | __main__:setPercentV:393 - 当前进度97
2023-07-26 22:46:44.803 | WARNING  | __main__:setPercentV:393 - 当前进度97
2023-07-26 22:46:49.804 | WARNING  | __main__:setPercentV:393 - 当前进度97
2023-07-26 22:46:54.804 | WARNING  | __main__:setPercentV:393 - 当前进度97
2023-07-26 22:46:59.805 | WARNING  | __main__:setPercentV:393 - 当前进度97
2023-07-26 22:47:04.807 | WARNING  | __main__:setPercentV:393 - 当前进度97
2023-07-26 22:47:09.807 | WARNING  | __main__:setPercentV:393 - 当前进度97
2023-07-26 22:47:14.808 | WARNING  | __main__:setPercentV:393 - 当前进度97
2023-07-26 22:47:19.809 | WARNING  | __main__:setPercentV:393 - 当前进度97
2023-07-26 22:47:24.810 | WARNING  | __main__:setPercentV:393 - 当前进度97
2023-07-26 22:47:29.810 | WARNING  | __main__:setPercentV:393 - 当前进度97
2023-07-26 22:47:34.811 | WARNING  | __main__:setPercentV:393 - 当前进度97
2023-07-26 22:47:39.815 | WARNING  | __main__:setPercentV:393 - 当前进度97
2023-07-26 22:47:44.827 | WARNING  | __main__:setPercentV:393 - 当前进度97
2023-07-26 22:47:49.886 | WARNING  | __main__:setPercentV:393 - 当前进度97
2023-07-26 22:47:54.841 | WARNING  | __main__:setPercentV:393 - 当前进度97
2023-07-26 22:47:59.907 | WARNING  | __main__:setPercentV:393 - 当前进度97
2023-07-26 22:48:04.842 | WARNING  | __main__:setPercentV:393 - 当前进度97
2023-07-26 22:48:09.869 | WARNING  | __main__:setPercentV:393 - 当前进度97
2023-07-26 22:48:14.843 | WARNING  | __main__:setPercentV:393 - 当前进度97
2023-07-26 22:48:19.866 | WARNING  | __main__:setPercentV:393 - 当前进度97
2023-07-26 22:48:24.864 | WARNING  | __main__:setPercentV:393 - 当前进度97
2023-07-26 22:48:29.875 | WARNING  | __main__:setPercentV:393 - 当前进度97
2023-07-26 22:48:34.875 | WARNING  | __main__:setPercentV:393 - 当前进度97
2023-07-26 22:48:39.899 | WARNING  | __main__:setPercentV:393 - 当前进度97
2023-07-26 22:48:44.876 | WARNING  | __main__:setPercentV:393 - 当前进度97
2023-07-26 22:48:49.913 | WARNING  | __main__:setPercentV:393 - 当前进度97
2023-07-26 22:48:54.536 | WARNING  | __main__:startDownLoad:355 - 后台线程去执行下载
2023-07-26 22:48:54.538 | WARNING  | vediodownloadprocesser:init:55 - ------初始化系统配置：start-----------
2023-07-26 22:48:54.540 | WARNING  | vediodownloadprocesser:init:72 - ------初始化系统配置：end-----------
2023-07-26 22:48:54.541 | WARNING  | __main__:setPercentV:393 - 当前进度1
2023-07-26 22:48:54.541 | WARNING  | vediodownloadprocesser:downLoadStart:388 - 需要解析含有的视频信息
2023-07-26 22:48:54.542 | WARNING  | vediodownloadprocesser:parseSubUrls:262 - 需要预解析URL：https://51cg1.com/archives/60912/
2023-07-26 22:48:54.878 | WARNING  | __main__:setPercentV:393 - 当前进度1
2023-07-26 22:48:59.540 | WARNING  | __main__:setPercentV:393 - 当前进度1
2023-07-26 22:48:59.893 | WARNING  | __main__:setPercentV:393 - 当前进度1
2023-07-26 22:49:01.771 | WARNING  | vediodownloadprocesser:parseSubUrls:310 - 预解析结束
2023-07-26 22:49:01.771 | WARNING  | vediodownloadprocesser:downLoadStart:394 - the url:https://51cg1.com/archives/60912/，共含m3u8文件1, mp4的文件个数0
2023-07-26 22:49:02.443 | WARNING  | vediodownloadprocesser:tsDownload1By1:326 - m3u8文件的保存路径： E:\sourcecode\vediodownloader\dist\download\download\download\download\download\20230726_224854\site.m3u8
2023-07-26 22:49:02.445 | WARNING  | vediodownloadprocesser:tsDownload1By1:342 - Decode Method：
2023-07-26 22:49:02.699 | WARNING  | vediodownloadprocesser:tsDownload1By1:352 - ts文件的加密 key:b'\x8e\xffR\xd0\xe4\x1aI\x8aB\xc4g\xb4\xad2IK'
2023-07-26 22:49:02.700 | WARNING  | vediodownloadprocesser:tsDownload1By1:363 - ts文件的URL解析完成
2023-07-26 22:49:02.701 | WARNING  | vediodownloadprocesser:downloadTsFiles:187 - 一共待下载的ts文件数：117
2023-07-26 22:49:04.541 | WARNING  | __main__:setPercentV:393 - 当前进度1
2023-07-26 22:49:04.878 | WARNING  | __main__:setPercentV:393 - 当前进度1
2023-07-26 22:49:09.543 | WARNING  | __main__:setPercentV:393 - 当前进度3
2023-07-26 22:49:09.886 | WARNING  | __main__:setPercentV:393 - 当前进度3
2023-07-26 22:49:14.558 | WARNING  | __main__:setPercentV:393 - 当前进度11
2023-07-26 22:49:14.892 | WARNING  | __main__:setPercentV:393 - 当前进度11
2023-07-26 22:49:19.564 | WARNING  | __main__:setPercentV:393 - 当前进度16
2023-07-26 22:49:19.941 | WARNING  | __main__:setPercentV:393 - 当前进度17
2023-07-26 22:49:24.567 | WARNING  | __main__:setPercentV:393 - 当前进度20
2023-07-26 22:49:24.902 | WARNING  | __main__:setPercentV:393 - 当前进度21
2023-07-26 22:49:29.571 | WARNING  | __main__:setPercentV:393 - 当前进度25
2023-07-26 22:49:29.910 | WARNING  | __main__:setPercentV:393 - 当前进度25
2023-07-26 22:49:34.584 | WARNING  | __main__:setPercentV:393 - 当前进度29
2023-07-26 22:49:34.924 | WARNING  | __main__:setPercentV:393 - 当前进度29
2023-07-26 22:49:39.586 | WARNING  | __main__:setPercentV:393 - 当前进度34
2023-07-26 22:49:39.925 | WARNING  | __main__:setPercentV:393 - 当前进度34
2023-07-26 22:49:44.587 | WARNING  | __main__:setPercentV:393 - 当前进度37
2023-07-26 22:49:44.925 | WARNING  | __main__:setPercentV:393 - 当前进度37
2023-07-26 22:49:49.587 | WARNING  | __main__:setPercentV:393 - 当前进度41
2023-07-26 22:49:49.926 | WARNING  | __main__:setPercentV:393 - 当前进度41
2023-07-26 22:49:54.591 | WARNING  | __main__:setPercentV:393 - 当前进度43
2023-07-26 22:49:54.926 | WARNING  | __main__:setPercentV:393 - 当前进度43
2023-07-26 22:49:59.588 | WARNING  | __main__:setPercentV:393 - 当前进度46
2023-07-26 22:49:59.927 | WARNING  | __main__:setPercentV:393 - 当前进度46
2023-07-26 22:50:04.590 | WARNING  | __main__:setPercentV:393 - 当前进度49
2023-07-26 22:50:04.928 | WARNING  | __main__:setPercentV:393 - 当前进度50
2023-07-26 22:50:09.589 | WARNING  | __main__:setPercentV:393 - 当前进度56
2023-07-26 22:50:09.928 | WARNING  | __main__:setPercentV:393 - 当前进度56
2023-07-26 22:50:14.589 | WARNING  | __main__:setPercentV:393 - 当前进度61
2023-07-26 22:50:14.929 | WARNING  | __main__:setPercentV:393 - 当前进度61
2023-07-26 22:50:19.591 | WARNING  | __main__:setPercentV:393 - 当前进度68
2023-07-26 22:50:19.929 | WARNING  | __main__:setPercentV:393 - 当前进度68
2023-07-26 22:50:24.591 | WARNING  | __main__:setPercentV:393 - 当前进度71
2023-07-26 22:50:24.930 | WARNING  | __main__:setPercentV:393 - 当前进度71
2023-07-26 22:50:29.590 | WARNING  | __main__:setPercentV:393 - 当前进度76
2023-07-26 22:50:29.931 | WARNING  | __main__:setPercentV:393 - 当前进度77
2023-07-26 22:50:34.592 | WARNING  | __main__:setPercentV:393 - 当前进度82
2023-07-26 22:50:34.930 | WARNING  | __main__:setPercentV:393 - 当前进度82
2023-07-26 22:50:39.592 | WARNING  | __main__:setPercentV:393 - 当前进度89
2023-07-26 22:50:39.930 | WARNING  | __main__:setPercentV:393 - 当前进度89
2023-07-26 22:50:44.594 | WARNING  | __main__:setPercentV:393 - 当前进度95
2023-07-26 22:50:44.931 | WARNING  | __main__:setPercentV:393 - 当前进度95
2023-07-26 22:50:49.593 | WARNING  | __main__:setPercentV:393 - 当前进度99
2023-07-26 22:50:49.932 | WARNING  | __main__:setPercentV:393 - 当前进度99
2023-07-26 22:50:50.341 | WARNING  | vediodownloadprocesser:downloadTsFiles:257 - 下载任务结束，总计下载耗时:1.8 分钟
2023-07-26 22:50:50.342 | WARNING  | vediodownloadprocesser:mergeTs2MP4:445 - 开始转为mp4，待转换TS文件数量：117
2023-07-26 22:50:51.085 | WARNING  | vediodownloadprocesser:mergeTs2MP4:472 - 转换结束
2023-07-26 22:50:54.595 | WARNING  | __main__:setPercentV:393 - 当前进度100
2023-07-26 22:50:54.934 | WARNING  | __main__:setPercentV:393 - 当前进度100
2023-07-26 22:50:59.329 | WARNING  | __main__:<module>:553 - 撸片之旅结束
