[2023-07-31 21:06:27] [WARNING]logger.py: 41 warn 后台线程去执行下载
[2023-07-31 21:06:27] [ERROR]logger.py: 44 error the input url:https://51cg1.com/archives/62578/ download fail, and error msg: module 'utils.logger' has no attribute 'warning'
[2023-07-31 21:06:29] [ERROR]main_tkinter.py: 398 downLoading module 'utils.logger' has no attribute 'warning'
Traceback (most recent call last):
  File "E:\sourcecode\vediodownloader\main_tkinter.py", line 393, in downLoading
    self.downloadP.downLoadStart(url, savePath, name)
  File "E:\sourcecode\vediodownloader\service\vediodownloadprocesser.py", line 380, in downLoadStart
    self.init(savePath)
  File "E:\sourcecode\vediodownloader\service\vediodownloadprocesser.py", line 54, in init
    logger.warning(f'------初始化系统配置：start-----------')
AttributeError: module 'utils.logger' has no attribute 'warning'
[2023-07-31 21:08:39] [WARNING]logger.py: 41 warn 后台线程去执行下载
[2023-07-31 21:08:39] [WARNING]logger.py: 41 warn ------初始化系统配置：start-----------
[2023-07-31 21:08:39] [WARNING]logger.py: 41 warn 当前进度1
[2023-07-31 21:08:39] [WARNING]logger.py: 41 warn ------初始化系统配置：end-----------
[2023-07-31 21:08:39] [WARNING]logger.py: 41 warn 需要解析含有的视频信息
[2023-07-31 21:08:39] [WARNING]logger.py: 41 warn 需要预解析URL：https://51cg1.com/archives/62578/
[2023-07-31 21:08:40] [WARNING]logger.py: 41 warn 预解析结束
[2023-07-31 21:08:40] [WARNING]logger.py: 41 warn the url:https://51cg1.com/archives/62578/，共含m3u8文件1, mp4的文件个数0
[2023-07-31 21:08:41] [WARNING]logger.py: 41 warn m3u8文件的保存路径： E:\sourcecode\download\20230731_210839\site.m3u8
[2023-07-31 21:08:41] [WARNING]logger.py: 41 warn start decode ts files
[2023-07-31 21:08:41] [ERROR]logger.py: 44 error the input url:https://51cg1.com/archives/62578/ download fail, and error msg: warn() takes 1 positional argument but 2 were given
[2023-07-31 21:08:42] [ERROR]main_tkinter.py: 398 downLoading warn() takes 1 positional argument but 2 were given
Traceback (most recent call last):
  File "E:\sourcecode\vediodownloader\main_tkinter.py", line 393, in downLoading
    self.downloadP.downLoadStart(url, savePath, name)
  File "E:\sourcecode\vediodownloader\service\vediodownloadprocesser.py", line 407, in downLoadStart
    self.tsDownload1By1(url, f'{mp4Name}_{count}')
  File "E:\sourcecode\vediodownloader\service\vediodownloadprocesser.py", line 342, in tsDownload1By1
    logger.warn("Decode Method：", method)
TypeError: warn() takes 1 positional argument but 2 were given
[2023-07-31 21:10:36] [WARNING]logger.py: 41 warn 后台线程去执行下载
[2023-07-31 21:10:36] [WARNING]logger.py: 41 warn ------初始化系统配置：start-----------
[2023-07-31 21:10:36] [WARNING]logger.py: 41 warn 当前进度1
[2023-07-31 21:10:36] [WARNING]logger.py: 41 warn ------初始化系统配置：end-----------
[2023-07-31 21:10:36] [WARNING]logger.py: 41 warn 需要解析含有的视频信息
[2023-07-31 21:10:36] [WARNING]logger.py: 41 warn 需要预解析URL：https://51cg1.com/archives/62578/
[2023-07-31 21:10:37] [WARNING]logger.py: 41 warn 预解析结束
[2023-07-31 21:10:37] [WARNING]logger.py: 41 warn the url:https://51cg1.com/archives/62578/，共含m3u8文件1, mp4的文件个数0
[2023-07-31 21:10:38] [WARNING]logger.py: 41 warn m3u8文件的保存路径： E:\sourcecode\download\20230731_211036\site.m3u8
[2023-07-31 21:10:38] [WARNING]logger.py: 41 warn start decode ts files
[2023-07-31 21:10:38] [WARNING]logger.py: 41 warn Decode Method：AES-128
[2023-07-31 21:10:38] [WARNING]logger.py: 41 warn ts文件的加密 key:b"'\xa5r \x1c_\xf9\xe4$z\xf6\x8f3\xe4N "
[2023-07-31 21:10:38] [WARNING]logger.py: 41 warn ts文件的URL解析完成
[2023-07-31 21:10:38] [WARNING]logger.py: 41 warn 一共待下载的ts文件数：33
[2023-07-31 21:10:41] [WARNING]logger.py: 41 warn 当前进度24
[2023-07-31 21:10:45] [WARNING]logger.py: 41 warn 下载任务结束，总计下载耗时:0.1 分钟
[2023-07-31 21:10:45] [WARNING]logger.py: 41 warn 开始转为mp4，待转换TS文件数量：33
[2023-07-31 21:10:46] [WARNING]logger.py: 41 warn 转换结束
[2023-07-31 21:10:46] [WARNING]logger.py: 41 warn 当前进度100
[2023-07-31 21:10:51] [WARNING]logger.py: 41 warn 当前进度100
[2023-07-31 21:10:56] [WARNING]logger.py: 41 warn 当前进度100
[2023-07-31 21:11:01] [WARNING]logger.py: 41 warn 当前进度100
[2023-07-31 21:11:06] [WARNING]logger.py: 41 warn 当前进度100
[2023-07-31 21:11:12] [WARNING]logger.py: 41 warn 当前进度100
[2023-07-31 21:11:17] [WARNING]logger.py: 41 warn 当前进度100
[2023-07-31 21:11:22] [WARNING]logger.py: 41 warn 当前进度100
[2023-07-31 21:11:27] [WARNING]logger.py: 41 warn 当前进度100
[2023-07-31 21:11:32] [WARNING]logger.py: 41 warn 当前进度100
[2023-07-31 21:11:37] [WARNING]logger.py: 41 warn 当前进度100
[2023-07-31 21:11:42] [WARNING]logger.py: 41 warn 当前进度100
[2023-07-31 21:11:47] [WARNING]logger.py: 41 warn 当前进度100
[2023-07-31 21:11:52] [WARNING]logger.py: 41 warn 当前进度100
[2023-07-31 21:11:58] [WARNING]logger.py: 41 warn 当前进度100
[2023-07-31 21:12:03] [WARNING]logger.py: 41 warn 当前进度100
[2023-07-31 21:12:08] [WARNING]logger.py: 41 warn 当前进度100
[2023-07-31 21:12:13] [WARNING]logger.py: 41 warn 当前进度100
[2023-07-31 21:12:18] [WARNING]logger.py: 41 warn 当前进度100
[2023-07-31 21:12:23] [WARNING]logger.py: 41 warn 当前进度100
[2023-07-31 21:12:28] [WARNING]logger.py: 41 warn 当前进度100
[2023-07-31 21:12:33] [WARNING]logger.py: 41 warn 当前进度100
[2023-07-31 21:12:38] [WARNING]logger.py: 41 warn 当前进度100
[2023-07-31 21:12:43] [WARNING]logger.py: 41 warn 当前进度100
[2023-07-31 21:12:49] [WARNING]logger.py: 41 warn 当前进度100
[2023-07-31 21:12:54] [WARNING]logger.py: 41 warn 当前进度100
[2023-07-31 21:12:59] [WARNING]logger.py: 41 warn 当前进度100
[2023-07-31 21:13:04] [WARNING]logger.py: 41 warn 当前进度100
[2023-07-31 21:13:09] [WARNING]logger.py: 41 warn 当前进度100
[2023-07-31 21:13:14] [WARNING]logger.py: 41 warn 当前进度100
[2023-07-31 21:13:19] [WARNING]logger.py: 41 warn 当前进度100
[2023-07-31 21:13:24] [WARNING]logger.py: 41 warn 当前进度100
[2023-07-31 21:13:29] [WARNING]logger.py: 41 warn 当前进度100
[2023-07-31 21:13:34] [WARNING]logger.py: 41 warn 当前进度100
[2023-07-31 21:13:39] [WARNING]logger.py: 41 warn 当前进度100
[2023-07-31 21:13:44] [WARNING]logger.py: 41 warn 当前进度100
[2023-07-31 21:13:50] [WARNING]logger.py: 41 warn 当前进度100
[2023-07-31 21:13:55] [WARNING]logger.py: 41 warn 当前进度100
[2023-07-31 21:14:00] [WARNING]logger.py: 41 warn 当前进度100
[2023-07-31 21:14:05] [WARNING]logger.py: 41 warn 当前进度100
[2023-07-31 21:14:10] [WARNING]logger.py: 41 warn 当前进度100
[2023-07-31 21:21:45] [WARNING]logger.py: 41 warn 后台线程去执行下载
[2023-07-31 21:21:45] [WARNING]logger.py: 41 warn ------初始化系统配置：start-----------
[2023-07-31 21:21:45] [WARNING]logger.py: 41 warn 当前进度1
[2023-07-31 21:21:45] [WARNING]logger.py: 41 warn ------初始化系统配置：end-----------
[2023-07-31 21:21:45] [WARNING]logger.py: 41 warn 需要解析含有的视频信息
[2023-07-31 21:21:45] [WARNING]logger.py: 41 warn 需要预解析URL：https://51cg1.com/archives/62578/
[2023-07-31 21:21:46] [WARNING]logger.py: 41 warn 预解析结束
[2023-07-31 21:21:46] [WARNING]logger.py: 41 warn the url:https://51cg1.com/archives/62578/，共含m3u8文件1, mp4的文件个数0
[2023-07-31 21:21:47] [WARNING]logger.py: 41 warn m3u8文件的保存路径： E:\sourcecode\download\20230731_212145\site.m3u8
[2023-07-31 21:21:47] [WARNING]logger.py: 41 warn start decode ts files
[2023-07-31 21:21:47] [WARNING]logger.py: 41 warn Decode Method：AES-128
[2023-07-31 21:21:47] [WARNING]logger.py: 41 warn ts文件的加密 key:b"'\xa5r \x1c_\xf9\xe4$z\xf6\x8f3\xe4N "
[2023-07-31 21:21:47] [WARNING]logger.py: 41 warn ts文件的URL解析完成
[2023-07-31 21:21:47] [WARNING]logger.py: 41 warn 一共待下载的ts文件数：33
[2023-07-31 21:21:50] [WARNING]logger.py: 41 warn 当前进度36
[2023-07-31 21:21:54] [WARNING]logger.py: 41 warn 下载任务结束，总计下载耗时:0.1 分钟
[2023-07-31 21:21:54] [WARNING]logger.py: 41 warn 开始转为mp4，待转换TS文件数量：33
[2023-07-31 21:21:54] [WARNING]logger.py: 41 warn 转换结束
[2023-07-31 21:21:55] [WARNING]logger.py: 41 warn 当前进度100
[2023-07-31 22:08:02] [WARNING]logger.py: 41 warn 后台线程去执行下载
[2023-07-31 22:08:02] [WARNING]logger.py: 41 warn ------初始化系统配置：start-----------
[2023-07-31 22:08:02] [WARNING]logger.py: 41 warn ------初始化系统配置：end-----------
[2023-07-31 22:08:02] [ERROR]logger.py: 44 error the input url:https://51cg1.com/archives/62347/ download fail, and error msg: local variable 'url' referenced before assignment
[2023-07-31 22:08:02] [WARNING]logger.py: 41 warn 当前进度1
[2023-07-31 22:08:04] [ERROR]main_tkinter.py: 402 downLoading local variable 'url' referenced before assignment
Traceback (most recent call last):
  File "E:\sourcecode\vediodownloader\main_tkinter.py", line 397, in downLoading
    self.downloadP.downLoad_start(url, savePath, name)
  File "E:\sourcecode\vediodownloader\service\vediodownloadprocesser.py", line 486, in downLoad_start
    urls = urlInput.split("\n") if "\n" in url else  urlInput.split(" ")
UnboundLocalError: local variable 'url' referenced before assignment
[2023-07-31 22:09:35] [WARNING]logger.py: 41 warn 后台线程去执行下载
[2023-07-31 22:09:35] [WARNING]logger.py: 41 warn ------初始化系统配置：start-----------
[2023-07-31 22:09:35] [WARNING]logger.py: 41 warn 当前进度1
[2023-07-31 22:09:35] [WARNING]logger.py: 41 warn ------初始化系统配置：end-----------
[2023-07-31 22:09:35] [WARNING]logger.py: 41 warn 需要解析含有的视频信息
[2023-07-31 22:09:35] [WARNING]logger.py: 41 warn 需要预解析URL：https://51cg1.com/archives/62347/
[2023-07-31 22:09:37] [WARNING]logger.py: 41 warn 预解析结束
[2023-07-31 22:09:37] [WARNING]logger.py: 41 warn the url:https://51cg1.com/archives/62347/，共含m3u8文件1, mp4的文件个数0
[2023-07-31 22:09:40] [WARNING]logger.py: 41 warn m3u8文件的保存路径： E:\sourcecode\download\20230731_220935\site.m3u8
[2023-07-31 22:09:40] [WARNING]logger.py: 41 warn start decode ts files
[2023-07-31 22:09:40] [WARNING]logger.py: 41 warn Decode Method：AES-128
[2023-07-31 22:09:40] [WARNING]logger.py: 41 warn ts文件的加密 key:b'\xdd\xb8%\xa3(\xb8\x80\xfeR\x88}& \x92Z\xbb'
[2023-07-31 22:09:40] [WARNING]logger.py: 41 warn ts文件的URL解析完成
[2023-07-31 22:09:40] [WARNING]logger.py: 41 warn 一共待下载的ts文件数：175
[2023-07-31 22:09:40] [WARNING]logger.py: 41 warn 当前进度1
[2023-07-31 22:09:46] [WARNING]logger.py: 41 warn 当前进度5
[2023-07-31 22:09:51] [WARNING]logger.py: 41 warn 当前进度14
[2023-07-31 22:09:56] [WARNING]logger.py: 41 warn 当前进度21
[2023-07-31 22:10:01] [WARNING]logger.py: 41 warn 当前进度30
[2023-07-31 22:10:06] [WARNING]logger.py: 41 warn 当前进度37
[2023-07-31 22:10:11] [WARNING]logger.py: 41 warn 当前进度46
[2023-07-31 22:10:16] [WARNING]logger.py: 41 warn 当前进度53
[2023-07-31 22:10:21] [WARNING]logger.py: 41 warn 当前进度61
[2023-07-31 22:10:26] [WARNING]logger.py: 41 warn 当前进度69
[2023-07-31 22:10:31] [WARNING]logger.py: 41 warn 当前进度76
[2023-07-31 22:10:36] [WARNING]logger.py: 41 warn 当前进度84
[2023-07-31 22:10:41] [WARNING]logger.py: 41 warn 当前进度90
[2023-07-31 22:10:46] [WARNING]logger.py: 41 warn 当前进度98
[2023-07-31 22:10:50] [WARNING]logger.py: 41 warn 下载任务结束，总计下载耗时:1.2 分钟
[2023-07-31 22:10:50] [WARNING]logger.py: 41 warn 开始转为mp4，待转换TS文件数量：175
[2023-07-31 22:10:51] [WARNING]logger.py: 41 warn 当前进度100
[2023-07-31 22:10:51] [WARNING]logger.py: 41 warn 转换结束
